[2019-04-14T00:01:31.068] [INFO] api - login start...
[2019-04-14T00:01:31.259] [INFO] api - login end...
[2019-04-14T00:04:53.795] [INFO] api - login start...
[2019-04-14T00:04:53.953] [INFO] api - login end...
[2019-04-14T00:05:15.865] [INFO] api - login start...
[2019-04-14T00:05:16.015] [INFO] api - login end...
[2019-04-14T00:06:35.539] [INFO] api - login start...
[2019-04-14T00:06:35.677] [INFO] api - login end...
[2019-04-14T00:14:38.007] [INFO] api - login start...
[2019-04-14T00:14:38.386] [INFO] api - login end...
[2019-04-14T00:15:19.073] [INFO] api - login start...
[2019-04-14T00:15:19.225] [INFO] api - login end...
[2019-04-14T00:15:58.647] [INFO] api - login start...
[2019-04-14T00:15:58.835] [INFO] api - login end...
[2019-04-14T00:16:24.399] [INFO] api - login start...
[2019-04-14T00:16:24.529] [INFO] api - login end...
[2019-04-14T00:17:44.652] [INFO] api - login start...
[2019-04-14T00:17:44.804] [INFO] api - login end...
[2019-04-14T00:18:02.869] [INFO] api - login start...
[2019-04-14T00:18:05.112] [INFO] api - login end...
[2019-04-14T00:21:14.733] [INFO] api - login start...
[2019-04-14T00:21:14.944] [INFO] api - login end...
[2019-04-14T00:27:44.250] [INFO] api - login start...
[2019-04-14T00:27:44.433] [INFO] api - login end...
[2019-04-14T00:30:58.445] [INFO] api - login start...
[2019-04-14T00:30:58.609] [INFO] api - login end...
[2019-04-14T00:32:29.056] [INFO] api - login start...
[2019-04-14T00:32:29.222] [INFO] api - login end...
[2019-04-17T12:40:33.878] [INFO] api - login start...
[2019-04-17T12:40:34.196] [INFO] api - login end...
[2019-04-17T13:13:38.935] [INFO] api - login start...
[2019-04-17T13:13:39.302] [INFO] api - login end...
[2019-04-17T13:19:20.444] [INFO] api - login start...
[2019-04-17T13:19:20.732] [INFO] api - login end...
[2019-04-17T13:19:31.816] [INFO] api - getOrders start...
[2019-04-17T13:19:31.822] [INFO] api - getOrders error: Error: ER_PARSE_ERROR: You have an error in your SQL syntax; check the manual that corresponds to your MySQL server version for the right syntax to use near '?)' at line 1
[2019-04-17T13:20:23.746] [INFO] api - login start...
[2019-04-17T13:20:23.956] [INFO] api - login end...
[2019-04-17T13:21:45.161] [INFO] api - getOrders start...
[2019-04-17T13:21:45.164] [INFO] api - num: 0 customerId: 5 isAdmin: 0
[2019-04-17T13:21:45.204] [INFO] api - getOrders error: Error: ER_PARSE_ERROR: You have an error in your SQL syntax; check the manual that corresponds to your MySQL server version for the right syntax to use near '?)' at line 1
[2019-04-17T13:22:58.565] [INFO] api - login start...
[2019-04-17T13:22:58.847] [INFO] api - login end...
[2019-04-17T13:23:01.407] [INFO] api - getOrders start...
[2019-04-17T13:23:01.407] [INFO] api - num: 0 customerId: 5 isAdmin: 0
[2019-04-17T13:24:10.527] [INFO] api - login start...
[2019-04-17T13:24:10.723] [INFO] api - login end...
[2019-04-17T13:24:14.543] [INFO] api - getOrders start...
[2019-04-17T13:24:14.544] [INFO] api - num: 0 customerId: 5 isAdmin: 0
[2019-04-17T13:25:49.713] [INFO] api - getOrders start...
[2019-04-17T13:25:49.718] [INFO] api - num: 0 customerId: 5 isAdmin: 0
[2019-04-17T13:26:42.444] [INFO] api - login start...
[2019-04-17T13:26:42.688] [INFO] api - login end...
[2019-04-17T13:27:46.517] [INFO] api - getOrders start...
[2019-04-17T13:27:46.517] [INFO] api - num: 0 customerId: 5 isAdmin: 1
[2019-04-17T15:17:02.812] [INFO] api - login start...
[2019-04-17T15:17:03.051] [INFO] api - login end...
[2019-04-17T21:58:43.533] [INFO] api - login start...
[2019-04-17T21:58:52.218] [INFO] api - login end...
[2019-04-17T22:02:03.528] [INFO] api - login start...
[2019-04-17T22:02:03.877] [INFO] api - login end...
[2019-04-17T22:03:21.934] [INFO] api - login start...
[2019-04-17T22:03:27.821] [INFO] api - login end...
[2019-04-17T22:03:48.347] [INFO] api - login start...
[2019-04-17T22:03:48.538] [INFO] api - login end...
[2019-04-17T22:03:55.057] [INFO] api - getOrders start...
[2019-04-17T22:03:55.058] [INFO] api - num: 0 customerId: 5 isAdmin: 0
[2019-04-17T22:06:42.982] [INFO] api - login start...
[2019-04-17T22:06:43.204] [INFO] api - login end...
[2019-04-17T22:06:57.477] [INFO] api - login start...
[2019-04-17T22:06:57.624] [INFO] api - login end...
[2019-04-17T22:09:54.463] [INFO] api - login start...
[2019-04-17T22:09:54.743] [INFO] api - login end...
[2019-04-17T22:11:14.098] [INFO] api - login start...
[2019-04-17T22:11:14.289] [INFO] api - login end...
[2019-04-17T22:12:13.115] [INFO] api - upload start...
[2019-04-17T22:12:13.120] [INFO] api - upload end...
[2019-04-17T22:12:13.129] [INFO] api - upload start...
[2019-04-17T22:12:13.131] [INFO] api - upload end...
[2019-04-17T22:12:13.311] [INFO] api - upload start...
[2019-04-17T22:12:13.313] [INFO] api - upload end...
[2019-04-17T22:12:13.459] [INFO] api - settledIn start...
[2019-04-17T22:16:18.322] [INFO] api - upload start...
[2019-04-17T22:16:18.329] [INFO] api - upload end...
[2019-04-17T22:16:18.349] [INFO] api - upload start...
[2019-04-17T22:16:18.353] [INFO] api - upload end...
[2019-04-17T22:16:18.499] [INFO] api - upload start...
[2019-04-17T22:16:18.501] [INFO] api - upload end...
[2019-04-17T22:16:18.592] [INFO] api - settledIn start...
[2019-04-17T22:16:18.814] [INFO] api - settledIn code change openid fail
[2019-04-17T22:16:56.813] [INFO] api - login start...
[2019-04-17T22:16:57.029] [INFO] api - login end...
[2019-04-17T22:17:27.137] [INFO] api - upload start...
[2019-04-17T22:17:27.140] [INFO] api - upload end...
[2019-04-17T22:17:27.149] [INFO] api - upload start...
[2019-04-17T22:17:27.151] [INFO] api - upload end...
[2019-04-17T22:17:27.320] [INFO] api - upload start...
[2019-04-17T22:17:27.323] [INFO] api - upload end...
[2019-04-17T22:17:27.411] [INFO] api - settledIn start...
[2019-04-17T22:17:29.662] [INFO] api - settledIn fail: [object Object]
[2019-04-17T22:19:02.340] [INFO] api - login start...
[2019-04-17T22:19:07.917] [INFO] api - login end...
[2019-04-17T22:25:15.421] [INFO] api - login start...
[2019-04-17T22:25:15.603] [INFO] api - login end...
[2019-04-17T22:25:41.083] [INFO] api - upload start...
[2019-04-17T22:25:41.089] [INFO] api - upload end...
[2019-04-17T22:25:41.097] [INFO] api - upload start...
[2019-04-17T22:25:41.098] [INFO] api - upload end...
[2019-04-17T22:25:41.271] [INFO] api - upload start...
[2019-04-17T22:25:41.273] [INFO] api - upload end...
[2019-04-17T22:25:41.351] [INFO] api - settledIn start...
[2019-04-17T22:31:28.530] [INFO] api - login start...
[2019-04-17T22:31:34.503] [INFO] api - login end...
[2019-04-17T22:31:50.061] [INFO] api - upload start...
[2019-04-17T22:31:50.067] [INFO] api - upload end...
[2019-04-17T22:31:50.077] [INFO] api - upload start...
[2019-04-17T22:31:50.080] [INFO] api - upload end...
[2019-04-17T22:31:50.240] [INFO] api - upload start...
[2019-04-17T22:31:50.243] [INFO] api - upload end...
[2019-04-17T22:31:50.343] [INFO] api - settledIn start...
[2019-04-17T22:31:50.550] [INFO] api - settledIn fail: undefined
[2019-04-17T22:32:43.973] [INFO] api - login start...
[2019-04-17T22:32:44.236] [INFO] api - login end...
[2019-04-17T22:33:01.126] [INFO] api - upload start...
[2019-04-17T22:33:01.133] [INFO] api - upload end...
[2019-04-17T22:33:01.141] [INFO] api - upload start...
[2019-04-17T22:33:01.143] [INFO] api - upload end...
[2019-04-17T22:33:01.314] [INFO] api - upload start...
[2019-04-17T22:33:01.316] [INFO] api - upload end...
[2019-04-17T22:33:01.472] [INFO] api - settledIn start...
[2019-04-17T22:33:08.380] [INFO] api - settledIn fail: [object Object]
[2019-04-17T22:34:07.088] [INFO] api - login start...
[2019-04-17T22:34:07.456] [INFO] api - login end...
[2019-04-17T22:34:24.886] [INFO] api - upload start...
[2019-04-17T22:34:24.890] [INFO] api - upload end...
[2019-04-17T22:34:24.899] [INFO] api - upload start...
[2019-04-17T22:34:24.901] [INFO] api - upload end...
[2019-04-17T22:34:25.087] [INFO] api - upload start...
[2019-04-17T22:34:25.090] [INFO] api - upload end...
[2019-04-17T22:34:25.180] [INFO] api - settledIn start...
[2019-04-17T22:34:32.394] [INFO] api - settledIn fail: [object Object]
[2019-04-17T22:49:08.507] [INFO] api - login start...
[2019-04-17T22:49:08.886] [INFO] api - login end...
[2019-04-17T22:49:28.882] [INFO] api - upload start...
[2019-04-17T22:49:28.887] [INFO] api - upload end...
[2019-04-17T22:49:28.899] [INFO] api - upload start...
[2019-04-17T22:49:28.903] [INFO] api - upload end...
[2019-04-17T22:49:29.087] [INFO] api - upload start...
[2019-04-17T22:49:29.089] [INFO] api - upload end...
[2019-04-17T22:49:29.169] [INFO] api - settledIn start...
[2019-04-17T22:49:34.463] [INFO] api - settledIn end...
[2019-04-17T22:49:34.482] [INFO] api - checkCustomer end...
[2019-04-17T22:53:34.552] [INFO] api - login start...
[2019-04-17T22:53:34.901] [INFO] api - login end...
[2019-04-17T22:54:33.412] [INFO] api - getOrders start...
[2019-04-17T22:54:33.413] [INFO] api - num: 0 customerId:  isAdmin: 1
[2019-04-17T22:56:13.513] [INFO] api - login start...
[2019-04-17T22:56:13.795] [INFO] api - login end...
[2019-04-17T22:58:52.428] [INFO] api - login start...
[2019-04-17T22:58:52.642] [INFO] api - login end...
[2019-04-17T23:09:43.958] [INFO] api - login start...
[2019-04-17T23:09:44.125] [INFO] api - login end...
[2019-04-17T23:11:20.502] [INFO] api - login start...
[2019-04-17T23:11:20.689] [INFO] api - login end...
[2019-04-17T23:12:20.120] [INFO] api - login start...
[2019-04-17T23:12:20.336] [INFO] api - login end...
[2019-04-17T23:12:23.881] [INFO] api - getOrders start...
[2019-04-17T23:12:23.881] [INFO] api - num: 0 customerId:  isAdmin: 1
[2019-04-17T23:13:23.791] [INFO] api - login start...
[2019-04-17T23:13:24.062] [INFO] api - login end...
[2019-04-17T23:13:29.713] [INFO] api - getOrders start...
[2019-04-17T23:13:29.714] [INFO] api - num: 0 customerId:  isAdmin: 1
[2019-04-17T23:14:13.945] [INFO] api - login start...
[2019-04-17T23:14:14.119] [INFO] api - login end...
[2019-04-17T23:14:16.840] [INFO] api - getOrders start...
[2019-04-17T23:14:16.841] [INFO] api - num: 0 customerId:  isAdmin: 1
[2019-04-17T23:16:02.069] [INFO] api - login start...
[2019-04-17T23:16:08.327] [INFO] api - login end...
[2019-04-17T23:16:17.726] [INFO] api - getOrders start...
[2019-04-17T23:16:17.727] [INFO] api - num: 0 customerId:  isAdmin: 1
[2019-04-17T23:16:47.516] [INFO] api - login start...
[2019-04-17T23:16:47.690] [INFO] api - login end...
[2019-04-18T13:11:40.205] [INFO] api - login start...
[2019-04-18T13:11:40.690] [INFO] api - login end...
[2019-04-18T13:13:45.992] [INFO] api - login start...
[2019-04-18T13:13:46.194] [INFO] api - login end...
[2019-04-18T13:14:15.519] [INFO] api - login start...
[2019-04-18T13:14:15.886] [INFO] api - login end...
[2019-04-18T13:14:19.653] [INFO] api - getOrders start...
[2019-04-18T13:16:03.601] [INFO] api - login start...
[2019-04-18T13:16:03.904] [INFO] api - login end...
[2019-04-18T13:16:08.416] [INFO] api - getOrders start...
[2019-04-18T13:16:37.336] [INFO] api - login start...
[2019-04-18T13:16:37.511] [INFO] api - login end...
[2019-04-18T13:16:41.996] [INFO] api - getOrders start...
[2019-04-18T13:16:43.496] [INFO] api - getOrderInfo start...
[2019-04-18T13:17:46.486] [INFO] api - login start...
[2019-04-18T13:17:46.682] [INFO] api - login end...
[2019-04-18T13:17:49.726] [INFO] api - getOrders start...
[2019-04-18T13:17:51.028] [INFO] api - getOrderInfo start...
[2019-04-18T15:22:00.995] [INFO] api - login start...
[2019-04-18T15:22:01.592] [INFO] api - login end...
[2019-04-18T15:22:11.084] [INFO] api - getOrders start...
[2019-04-18T15:22:12.414] [INFO] api - getOrderInfo start...
[2019-04-18T15:23:32.277] [INFO] api - login start...
[2019-04-18T15:23:32.408] [INFO] api - login end...
[2019-04-18T15:23:35.326] [INFO] api - getOrders start...
[2019-04-18T15:23:36.708] [INFO] api - getOrderInfo start...
[2019-04-18T15:24:22.423] [INFO] api - login start...
[2019-04-18T15:24:22.581] [INFO] api - login end...
[2019-04-18T15:24:26.853] [INFO] api - getOrders start...
[2019-04-18T15:24:28.165] [INFO] api - getOrderInfo start...
[2019-04-18T15:24:57.451] [INFO] api - login start...
[2019-04-18T15:24:57.600] [INFO] api - login end...
[2019-04-18T15:25:00.392] [INFO] api - getOrders start...
[2019-04-18T15:25:01.740] [INFO] api - getOrderInfo start...
[2019-04-18T15:26:16.437] [INFO] api - login start...
[2019-04-18T15:26:16.634] [INFO] api - login end...
[2019-04-18T15:26:18.906] [INFO] api - getOrders start...
[2019-04-18T15:26:19.937] [INFO] api - getOrderInfo start...
[2019-04-18T15:31:40.022] [INFO] api - login start...
[2019-04-18T15:31:40.151] [INFO] api - login end...
[2019-04-18T15:32:05.369] [INFO] api - login start...
[2019-04-18T15:32:05.494] [INFO] api - login end...
[2019-04-18T15:32:08.874] [INFO] api - getOrders start...
[2019-04-18T15:32:10.856] [INFO] api - getOrderInfo start...
[2019-04-18T15:37:04.152] [INFO] api - login start...
[2019-04-18T15:37:04.324] [INFO] api - login end...
[2019-04-18T15:37:06.792] [INFO] api - getOrders start...
[2019-04-18T15:37:08.284] [INFO] api - getOrderInfo start...
[2019-04-18T15:38:13.387] [INFO] api - login start...
[2019-04-18T15:38:13.535] [INFO] api - login end...
[2019-04-18T15:38:15.867] [INFO] api - getOrders start...
[2019-04-18T15:38:18.061] [INFO] api - getOrderInfo start...
[2019-04-18T15:39:02.495] [INFO] api - login start...
[2019-04-18T15:39:02.672] [INFO] api - login end...
[2019-04-18T15:39:05.399] [INFO] api - getOrders start...
[2019-04-18T15:39:06.727] [INFO] api - getOrderInfo start...
[2019-04-18T15:39:16.093] [INFO] api - getOrderInfo start...
[2019-04-18T15:40:21.529] [INFO] api - login start...
[2019-04-18T15:40:21.647] [INFO] api - login end...
[2019-04-18T15:40:26.229] [INFO] api - getOrders start...
[2019-04-18T15:40:28.274] [INFO] api - getOrderInfo start...
[2019-04-18T15:40:49.634] [INFO] api - getOrderInfo start...
[2019-04-18T15:40:55.563] [INFO] api - getOrderInfo start...
[2019-04-18T15:41:09.691] [INFO] api - getOrderInfo start...
[2019-04-18T15:41:48.282] [INFO] api - getOrders start...
[2019-04-18T15:48:26.787] [INFO] api - login start...
[2019-04-18T15:48:27.009] [INFO] api - login end...
[2019-04-18T15:48:29.506] [INFO] api - getOrders start...
[2019-04-18T15:48:32.224] [INFO] api - getOrderInfo start...
[2019-04-18T15:49:51.050] [INFO] api - getOrderInfo start...
[2019-04-18T15:50:11.786] [INFO] api - getOrderInfo start...
[2019-04-18T15:56:12.438] [INFO] api - login start...
[2019-04-18T15:56:12.647] [INFO] api - login end...
[2019-04-18T15:56:14.883] [INFO] api - getOrders start...
[2019-04-18T15:56:16.031] [INFO] api - getOrderInfo start...
[2019-04-18T15:56:32.309] [INFO] api - checkOrder start...
[2019-04-18T15:56:32.866] [INFO] api - getOrders start...
[2019-04-18T15:56:43.829] [INFO] api - getOrderInfo start...
[2019-04-18T16:00:38.043] [INFO] api - login start...
[2019-04-18T16:00:38.278] [INFO] api - login end...
[2019-04-18T16:00:40.871] [INFO] api - getOrders start...
[2019-04-18T16:00:41.910] [INFO] api - getOrderInfo start...
[2019-04-18T16:00:44.121] [INFO] api - checkOrder start...
[2019-04-18T16:00:47.562] [INFO] api - getOrders start...
[2019-04-18T16:01:08.033] [INFO] api - login start...
[2019-04-18T16:01:08.221] [INFO] api - login end...
[2019-04-18T16:01:11.655] [INFO] api - getOrders start...
[2019-04-18T16:01:12.811] [INFO] api - getOrderInfo start...
[2019-04-18T16:01:14.599] [INFO] api - checkOrder start...
[2019-04-18T16:01:17.114] [INFO] api - getOrders start...
[2019-04-18T16:02:20.631] [INFO] api - getOrders start...
[2019-04-18T16:02:57.382] [INFO] api - login start...
[2019-04-18T16:02:57.561] [INFO] api - login end...
[2019-04-18T16:03:01.223] [INFO] api - getOrders start...
[2019-04-18T16:03:52.192] [INFO] api - login start...
[2019-04-18T16:03:52.370] [INFO] api - login end...
[2019-04-18T16:04:08.913] [INFO] api - login start...
[2019-04-18T16:04:09.102] [INFO] api - login end...
[2019-04-18T16:34:59.518] [INFO] api - login start...
[2019-04-18T16:35:00.082] [INFO] api - login end...
[2019-04-18T17:30:20.609] [INFO] api - login start...
[2019-04-18T17:30:20.956] [INFO] api - login end...
[2019-04-18T17:31:10.352] [INFO] api - login start...
[2019-04-18T17:31:10.577] [INFO] api - login end...
[2019-04-18T17:32:16.278] [INFO] api - login start...
[2019-04-18T17:32:16.480] [INFO] api - login end...
[2019-04-18T17:32:26.289] [INFO] api - getCustomers start...
[2019-04-18T17:32:26.295] [INFO] api - getCustomers error: Error: ER_BAD_FIELD_ERROR: Unknown column 'a.isCheck' in 'order clause'
[2019-04-18T17:32:54.491] [INFO] api - login start...
[2019-04-18T17:32:55.051] [INFO] api - login end...
[2019-04-18T17:32:57.467] [INFO] api - getCustomers start...
[2019-04-18T17:33:38.062] [INFO] api - login start...
[2019-04-18T17:33:38.273] [INFO] api - login end...
[2019-04-18T17:33:43.151] [INFO] api - getCustomers start...
[2019-04-18T17:34:29.293] [INFO] api - login start...
[2019-04-18T17:34:29.436] [INFO] api - login end...
[2019-04-18T17:34:32.080] [INFO] api - getCustomers start...
[2019-04-18T17:34:33.947] [INFO] api - getCustomerInfo start...
[2019-04-18T17:34:36.687] [INFO] api - getCustomers start...
[2019-04-18T17:34:58.632] [INFO] api - getCustomerInfo start...
[2019-04-18T17:35:37.386] [INFO] api - login start...
[2019-04-18T17:35:37.637] [INFO] api - login end...
[2019-04-18T17:35:40.422] [INFO] api - getCustomers start...
[2019-04-18T17:35:42.256] [INFO] api - getCustomerInfo start...
[2019-04-18T17:36:22.051] [INFO] api - login start...
[2019-04-18T17:36:22.195] [INFO] api - login end...
[2019-04-18T17:36:25.096] [INFO] api - getCustomers start...
[2019-04-18T17:36:26.799] [INFO] api - getCustomerInfo start...
[2019-04-18T17:37:22.424] [INFO] api - login start...
[2019-04-18T17:37:22.618] [INFO] api - login end...
[2019-04-18T17:37:25.991] [INFO] api - getCustomers start...
[2019-04-18T17:37:27.417] [INFO] api - getCustomerInfo start...
[2019-04-18T17:37:33.434] [INFO] api - getCustomers start...
[2019-04-18T17:37:35.239] [INFO] api - getCustomerInfo start...
[2019-04-18T17:39:17.554] [INFO] api - login start...
[2019-04-18T17:39:17.704] [INFO] api - login end...
[2019-04-18T17:39:20.635] [INFO] api - getCustomers start...
[2019-04-18T17:39:22.043] [INFO] api - getCustomerInfo start...
[2019-04-18T17:40:14.685] [INFO] api - login start...
[2019-04-18T17:40:14.842] [INFO] api - login end...
[2019-04-18T17:40:19.799] [INFO] api - login start...
[2019-04-18T17:40:19.947] [INFO] api - login end...
[2019-04-18T17:40:22.352] [INFO] api - getCustomers start...
[2019-04-18T17:40:24.189] [INFO] api - getCustomerInfo start...
[2019-04-18T17:40:57.547] [INFO] api - login start...
[2019-04-18T17:40:57.756] [INFO] api - login end...
[2019-04-18T17:41:02.760] [INFO] api - getCustomers start...
[2019-04-18T17:41:04.383] [INFO] api - getCustomerInfo start...
[2019-04-18T17:43:30.942] [INFO] api - checkCustomer start...
[2019-04-18T17:43:33.394] [INFO] api - getCustomers start...
[2019-04-18T17:48:19.474] [INFO] api - getCustomers start...
[2019-04-18T17:49:46.739] [INFO] api - login start...
[2019-04-18T17:49:46.884] [INFO] api - login end...
[2019-04-18T17:51:33.086] [INFO] api - login start...
[2019-04-18T17:51:33.208] [INFO] api - login end...
[2019-04-18T17:51:44.389] [INFO] api - login start...
[2019-04-18T17:51:44.514] [INFO] api - login end...
[2019-04-18T17:51:49.619] [INFO] api - login start...
[2019-04-18T17:51:49.807] [INFO] api - login end...
[2019-04-18T17:51:57.878] [INFO] api - getOrders start...
[2019-04-18T17:53:32.563] [INFO] api - login start...
[2019-04-18T17:53:32.720] [INFO] api - login end...
[2019-04-18T17:53:55.997] [INFO] api - login start...
[2019-04-18T17:53:56.191] [INFO] api - login end...
[2019-04-18T17:54:53.905] [INFO] api - login start...
[2019-04-18T17:54:54.073] [INFO] api - login end...
[2019-04-18T17:56:34.512] [INFO] api - login start...
[2019-04-18T17:56:34.676] [INFO] api - login end...
[2019-04-18T17:56:41.241] [INFO] api - getOrders start...
[2019-04-18T17:56:45.309] [INFO] api - getOrderInfo start...
[2019-04-18T17:56:53.639] [INFO] api - getOrderInfo start...
[2019-04-18T17:56:57.900] [INFO] api - getOrderInfo start...
[2019-04-18T17:57:02.658] [INFO] api - getOrderInfo start...
[2019-04-18T17:57:46.696] [INFO] api - login start...
[2019-04-18T17:57:46.833] [INFO] api - login end...
[2019-04-18T17:57:49.921] [INFO] api - getOrders start...
[2019-04-18T17:57:51.035] [INFO] api - getOrderInfo start...
[2019-04-18T17:57:59.075] [INFO] api - getOrderInfo start...
[2019-04-18T17:58:14.726] [INFO] api - login start...
[2019-04-18T17:58:14.872] [INFO] api - login end...
[2019-04-18T17:58:29.863] [INFO] api - getCustomers start...
[2019-04-18T17:58:32.996] [INFO] api - getCustomerInfo start...
[2019-04-18T17:58:35.849] [INFO] api - getCustomers start...
[2019-04-18T17:58:38.126] [INFO] api - getCustomerInfo start...
[2019-04-18T17:58:39.453] [INFO] api - checkCustomer start...
[2019-04-18T17:58:39.456] [INFO] api - checkCustomer fail
[2019-04-18T17:58:56.850] [INFO] api - getCustomers start...
[2019-04-18T18:00:03.647] [INFO] api - getOrders start...
[2019-04-18T18:00:06.327] [INFO] api - getCustomers start...
[2019-04-18T18:00:10.892] [INFO] api - getCustomerInfo start...
[2019-04-18T18:00:13.110] [INFO] api - checkCustomer start...
[2019-04-18T18:00:15.526] [INFO] api - getCustomers start...
[2019-04-18T18:00:18.613] [INFO] api - getCustomers start...
[2019-04-18T18:00:25.780] [INFO] api - getOrders start...
[2019-04-18T18:00:29.050] [INFO] api - getOrderInfo start...
[2019-04-18T18:00:31.304] [INFO] api - checkOrder start...
[2019-04-18T18:00:33.810] [INFO] api - getOrders start...
[2019-04-18T18:01:56.793] [INFO] api - login start...
[2019-04-18T18:01:56.990] [INFO] api - login end...
[2019-04-18T18:02:33.037] [INFO] api - login start...
[2019-04-18T18:02:33.202] [INFO] api - login end...
[2019-04-18T18:02:34.791] [INFO] api - login start...
[2019-04-18T18:02:34.958] [INFO] api - login end...
[2019-04-18T18:03:07.329] [INFO] api - login start...
[2019-04-18T18:03:07.533] [INFO] api - login end...
[2019-04-18T21:50:38.507] [INFO] api - login start...
[2019-04-18T21:50:38.990] [INFO] api - login end...
[2019-04-18T21:55:13.928] [INFO] api - login start...
[2019-04-18T21:55:17.137] [INFO] api - login end...
[2019-04-18T21:59:54.893] [INFO] api - login start...
[2019-04-18T21:59:57.368] [INFO] api - login end...
[2019-04-18T22:00:09.818] [INFO] api - login start...
[2019-04-18T22:00:12.932] [INFO] api - login end...
[2019-04-18T22:01:21.335] [INFO] api - login start...
[2019-04-18T22:01:21.649] [INFO] api - login end...
[2019-04-18T22:02:10.816] [INFO] api - loadDictionary start...
[2019-04-18T22:02:10.821] [INFO] api - loadDictionary start...
[2019-04-18T22:02:10.843] [INFO] api - loadDictionary end...
[2019-04-18T22:02:10.847] [INFO] api - loadDictionary start...
[2019-04-18T22:02:10.863] [INFO] api - loadDictionary end...
[2019-04-18T22:02:10.878] [INFO] api - loadDictionary end...
[2019-04-18T22:02:16.239] [INFO] api - loadDictionary start...
[2019-04-18T22:02:16.254] [INFO] api - loadDictionary end...
[2019-04-18T22:02:16.268] [INFO] api - loadDictionary start...
[2019-04-18T22:02:16.271] [INFO] api - loadDictionary start...
[2019-04-18T22:02:16.288] [INFO] api - loadDictionary end...
[2019-04-18T22:02:16.298] [INFO] api - loadDictionary end...
[2019-04-18T22:02:34.828] [INFO] api - loadDictionary start...
[2019-04-18T22:02:34.837] [INFO] api - loadDictionary end...
[2019-04-18T22:02:34.840] [INFO] api - loadDictionary start...
[2019-04-18T22:02:34.841] [INFO] api - loadDictionary start...
[2019-04-18T22:02:34.856] [INFO] api - loadDictionary end...
[2019-04-18T22:02:34.863] [INFO] api - loadDictionary end...
[2019-04-18T22:02:55.927] [INFO] api - loadDictionary start...
[2019-04-18T22:02:55.932] [INFO] api - loadDictionary start...
[2019-04-18T22:02:55.944] [INFO] api - loadDictionary end...
[2019-04-18T22:02:55.965] [INFO] api - loadDictionary end...
[2019-04-18T22:02:55.967] [INFO] api - loadDictionary start...
[2019-04-18T22:02:55.983] [INFO] api - loadDictionary end...
[2019-04-18T22:03:37.292] [INFO] api - bookingOrder start...
[2019-04-18T22:03:37.337] [INFO] api - bookingOrder end...
[2019-04-18T22:03:43.732] [INFO] api - getOrders start...
[2019-04-18T22:03:58.260] [INFO] api - loadDictionary start...
[2019-04-18T22:03:58.267] [INFO] api - loadDictionary start...
[2019-04-18T22:03:58.283] [INFO] api - loadDictionary end...
[2019-04-18T22:03:58.300] [INFO] api - loadDictionary end...
[2019-04-18T22:03:58.302] [INFO] api - loadDictionary start...
[2019-04-18T22:03:58.318] [INFO] api - loadDictionary end...
[2019-04-18T22:04:28.757] [INFO] api - getCustomers start...
[2019-04-18T22:04:49.450] [INFO] api - getCustomerInfo start...
[2019-04-18T22:05:04.867] [INFO] api - getCustomers start...
[2019-04-18T22:05:06.925] [INFO] api - getCustomerInfo start...
[2019-04-18T22:05:11.855] [INFO] api - getCustomers start...
[2019-04-18T22:05:15.521] [INFO] api - getOrders start...
[2019-04-18T22:05:22.128] [INFO] api - getOrderInfo start...
[2019-04-18T22:06:31.542] [INFO] api - login start...
[2019-04-18T22:06:31.742] [INFO] api - login end...
[2019-04-18T22:08:10.403] [INFO] api - login start...
[2019-04-18T22:08:17.037] [INFO] api - login end...
[2019-04-18T22:08:33.614] [INFO] api - loadDictionary start...
[2019-04-18T22:08:33.617] [INFO] api - loadDictionary start...
[2019-04-18T22:08:33.619] [INFO] api - loadDictionary start...
[2019-04-18T22:08:33.639] [INFO] api - loadDictionary end...
[2019-04-18T22:08:33.656] [INFO] api - loadDictionary end...
[2019-04-18T22:08:33.677] [INFO] api - loadDictionary end...
[2019-04-18T22:08:40.227] [INFO] api - loadDictionary start...
[2019-04-18T22:08:40.244] [INFO] api - loadDictionary end...
[2019-04-18T22:08:40.247] [INFO] api - loadDictionary start...
[2019-04-18T22:08:40.251] [INFO] api - loadDictionary start...
[2019-04-18T22:08:40.266] [INFO] api - loadDictionary end...
[2019-04-18T22:08:40.280] [INFO] api - loadDictionary end...
[2019-04-18T22:09:11.912] [INFO] api - login start...
[2019-04-18T22:09:12.106] [INFO] api - login end...
[2019-04-18T22:10:52.226] [INFO] api - login start...
[2019-04-18T22:10:52.397] [INFO] api - login end...
[2019-04-18T22:12:39.070] [INFO] api - login start...
[2019-04-18T22:12:39.333] [INFO] api - login end...
[2019-04-18T22:12:46.421] [INFO] api - loadDictionary start...
[2019-04-18T22:12:46.440] [INFO] api - loadDictionary end...
[2019-04-18T22:12:47.225] [INFO] api - loadDictionary start...
[2019-04-18T22:12:47.242] [INFO] api - loadDictionary end...
[2019-04-18T22:12:47.243] [INFO] api - loadDictionary start...
[2019-04-18T22:12:47.261] [INFO] api - loadDictionary end...
[2019-04-18T22:15:00.322] [INFO] api - login start...
[2019-04-18T22:15:01.456] [INFO] api - login end...
[2019-04-18T22:15:23.344] [INFO] api - login start...
[2019-04-18T22:15:27.800] [INFO] api - login end...
[2019-04-18T22:16:39.081] [INFO] api - upload start...
[2019-04-18T22:16:39.089] [INFO] api - upload end...
[2019-04-18T22:16:42.081] [INFO] api - upload start...
[2019-04-18T22:16:42.084] [INFO] api - upload end...
[2019-04-18T22:16:42.755] [INFO] api - upload start...
[2019-04-18T22:16:42.759] [INFO] api - upload end...
[2019-04-18T22:16:42.918] [INFO] api - settledIn start...
[2019-04-18T22:16:45.387] [INFO] api - settledIn end...
[2019-04-18T22:16:45.415] [INFO] api - checkCustomer end...
[2019-04-18T22:17:11.001] [INFO] api - login start...
[2019-04-18T22:17:11.153] [INFO] api - login end...
[2019-04-18T22:17:15.271] [INFO] api - login start...
[2019-04-18T22:17:15.450] [INFO] api - login end...
[2019-04-18T22:17:28.761] [INFO] api - getCustomers start...
[2019-04-18T22:17:30.588] [INFO] api - getCustomerInfo start...
[2019-04-18T22:17:32.362] [INFO] api - checkCustomer start...
[2019-04-18T22:17:32.365] [INFO] api - checkCustomer fail
[2019-04-18T22:17:41.382] [INFO] api - checkCustomer start...
[2019-04-18T22:17:41.386] [INFO] api - checkCustomer fail
[2019-04-18T22:25:36.352] [INFO] api - upload start...
[2019-04-18T22:25:36.363] [INFO] api - upload end...
[2019-04-18T22:25:39.291] [INFO] api - upload start...
[2019-04-18T22:25:39.296] [INFO] api - upload end...
[2019-04-18T22:25:45.677] [INFO] api - upload start...
[2019-04-18T22:25:45.680] [INFO] api - upload end...
[2019-04-18T22:25:45.829] [INFO] api - settledIn start...
[2019-04-18T22:25:52.101] [INFO] api - settledIn end...
[2019-04-18T22:25:52.126] [INFO] api - checkCustomer end...
[2019-04-18T22:31:13.729] [INFO] api - checkCustomer start...
[2019-04-18T22:31:13.779] [INFO] api - checkCustomer fail
[2019-04-18T22:31:17.812] [INFO] api - getCustomers start...
[2019-04-18T22:31:54.474] [INFO] api - getCustomerInfo start...
[2019-04-18T22:31:56.599] [INFO] api - checkCustomer start...
[2019-04-18T22:31:57.896] [INFO] api - getCustomers start...
[2019-04-18T22:32:25.345] [INFO] api - login start...
[2019-04-18T22:32:25.637] [INFO] api - login end...
[2019-04-18T22:33:14.494] [INFO] api - login start...
[2019-04-18T22:33:14.633] [INFO] api - login end...
[2019-04-18T22:33:43.429] [INFO] api - getOrders start...
[2019-04-18T22:33:50.188] [INFO] api - getOrders start...
[2019-04-18T22:33:55.273] [INFO] api - loadDictionary start...
[2019-04-18T22:33:55.302] [INFO] api - loadDictionary end...
[2019-04-18T22:33:55.306] [INFO] api - loadDictionary start...
[2019-04-18T22:33:55.309] [INFO] api - loadDictionary start...
[2019-04-18T22:33:55.332] [INFO] api - loadDictionary end...
[2019-04-18T22:33:55.348] [INFO] api - loadDictionary end...
[2019-04-18T22:34:01.203] [INFO] api - bookingOrder start...
[2019-04-18T22:34:01.249] [INFO] api - bookingOrder end...
[2019-04-18T22:34:05.052] [INFO] api - getOrders start...
[2019-04-18T22:38:18.063] [INFO] api - login start...
[2019-04-18T22:38:23.877] [INFO] api - login end...
[2019-04-18T22:38:36.881] [INFO] api - login start...
[2019-04-18T22:38:37.043] [INFO] api - login end...
[2019-04-18T22:39:01.690] [INFO] api - login start...
[2019-04-18T22:39:01.881] [INFO] api - login end...
[2019-04-18T22:39:42.949] [INFO] api - login start...
[2019-04-18T22:39:43.115] [INFO] api - login end...
[2019-04-18T22:39:59.752] [INFO] api - login start...
[2019-04-18T22:39:59.936] [INFO] api - login end...
[2019-04-18T22:40:04.118] [INFO] api - loadDictionary start...
[2019-04-18T22:40:04.127] [INFO] api - loadDictionary end...
[2019-04-18T22:40:04.129] [INFO] api - loadDictionary start...
[2019-04-18T22:40:04.131] [INFO] api - loadDictionary start...
[2019-04-18T22:40:04.142] [INFO] api - loadDictionary end...
[2019-04-18T22:40:04.155] [INFO] api - loadDictionary end...
[2019-04-18T22:40:10.972] [INFO] api - bookingOrder start...
[2019-04-18T22:40:11.013] [INFO] api - bookingOrder end...
[2019-04-18T22:40:38.181] [INFO] api - getOrders start...
[2019-04-18T22:42:49.814] [INFO] api - login start...
[2019-04-18T22:42:49.986] [INFO] api - login end...
[2019-04-18T22:48:08.377] [INFO] api - login start...
[2019-04-18T22:48:08.600] [INFO] api - login end...
[2019-04-18T22:48:20.157] [INFO] api - loadDictionary start...
[2019-04-18T22:48:20.168] [INFO] api - loadDictionary end...
[2019-04-18T22:48:20.169] [INFO] api - loadDictionary start...
[2019-04-18T22:48:20.170] [INFO] api - loadDictionary start...
[2019-04-18T22:48:20.178] [INFO] api - loadDictionary end...
[2019-04-18T22:48:20.186] [INFO] api - loadDictionary end...
[2019-04-18T22:48:26.535] [INFO] api - getOrders start...
[2019-04-18T23:03:58.001] [INFO] api - login start...
[2019-04-18T23:03:58.293] [INFO] api - login end...
[2019-04-18T23:04:10.427] [INFO] api - login start...
[2019-04-18T23:04:10.573] [INFO] api - login end...
[2019-04-18T23:04:38.188] [INFO] api - login start...
[2019-04-18T23:04:38.357] [INFO] api - login end...
[2019-04-18T23:08:38.904] [INFO] api - login start...
[2019-04-18T23:08:41.076] [INFO] api - login end...
[2019-04-18T23:09:05.736] [INFO] api - getOrders start...
[2019-04-18T23:09:10.894] [INFO] api - getOrderInfo start...
[2019-04-18T23:10:39.428] [INFO] api - loadDictionary start...
[2019-04-18T23:10:39.432] [INFO] api - loadDictionary start...
[2019-04-18T23:10:39.435] [INFO] api - loadDictionary start...
[2019-04-18T23:10:39.458] [INFO] api - loadDictionary end...
[2019-04-18T23:10:39.474] [INFO] api - loadDictionary end...
[2019-04-18T23:10:39.491] [INFO] api - loadDictionary end...
[2019-04-18T23:11:35.009] [INFO] api - getOrders start...
[2019-04-18T23:18:31.562] [INFO] api - login start...
[2019-04-18T23:18:34.908] [INFO] api - login end...
[2019-04-18T23:22:01.752] [INFO] api - login start...
[2019-04-18T23:22:01.911] [INFO] api - login end...
